{"/Users/J/App-Dev/js-example/array.js": {"path":"/Users/J/App-Dev/js-example/array.js","statementMap":{"0":{"start":{"line":2,"column":8},"end":{"line":2,"column":25}},"1":{"start":{"line":3,"column":14},"end":{"line":3,"column":26}},"2":{"start":{"line":5,"column":13},"end":{"line":5,"column":40}},"3":{"start":{"line":6,"column":16},"end":{"line":6,"column":100}},"4":{"start":{"line":8,"column":17},"end":{"line":10,"column":2}},"5":{"start":{"line":9,"column":2},"end":{"line":9,"column":19}},"6":{"start":{"line":12,"column":17},"end":{"line":12,"column":50}},"7":{"start":{"line":12,"column":39},"end":{"line":12,"column":49}},"8":{"start":{"line":13,"column":0},"end":{"line":13,"column":43}},"9":{"start":{"line":14,"column":0},"end":{"line":14,"column":50}},"10":{"start":{"line":16,"column":19},"end":{"line":20,"column":2}},"11":{"start":{"line":17,"column":18},"end":{"line":17,"column":37}},"12":{"start":{"line":18,"column":2},"end":{"line":18,"column":32}},"13":{"start":{"line":19,"column":2},"end":{"line":19,"column":18}},"14":{"start":{"line":21,"column":0},"end":{"line":21,"column":52}},"15":{"start":{"line":22,"column":0},"end":{"line":22,"column":49}},"16":{"start":{"line":24,"column":18},"end":{"line":26,"column":2}},"17":{"start":{"line":25,"column":2},"end":{"line":25,"column":27}},"18":{"start":{"line":29,"column":18},"end":{"line":29,"column":62}},"19":{"start":{"line":29,"column":44},"end":{"line":29,"column":60}},"20":{"start":{"line":32,"column":13},"end":{"line":34,"column":1}},"21":{"start":{"line":33,"column":2},"end":{"line":33,"column":27}},"22":{"start":{"line":36,"column":18},"end":{"line":36,"column":40}},"23":{"start":{"line":37,"column":0},"end":{"line":37,"column":47}},"24":{"start":{"line":39,"column":19},"end":{"line":39,"column":64}},"25":{"start":{"line":39,"column":46},"end":{"line":39,"column":63}},"26":{"start":{"line":40,"column":0},"end":{"line":40,"column":52}},"27":{"start":{"line":41,"column":0},"end":{"line":41,"column":49}},"28":{"start":{"line":43,"column":20},"end":{"line":43,"column":63}},"29":{"start":{"line":43,"column":45},"end":{"line":43,"column":62}},"30":{"start":{"line":44,"column":0},"end":{"line":44,"column":53}},"31":{"start":{"line":45,"column":0},"end":{"line":45,"column":49}},"32":{"start":{"line":47,"column":18},"end":{"line":51,"column":2}},"33":{"start":{"line":48,"column":2},"end":{"line":48,"column":21}},"34":{"start":{"line":49,"column":2},"end":{"line":49,"column":20}},"35":{"start":{"line":50,"column":2},"end":{"line":50,"column":23}},"36":{"start":{"line":52,"column":0},"end":{"line":52,"column":47}},"37":{"start":{"line":54,"column":18},"end":{"line":54,"column":97}},"38":{"start":{"line":54,"column":60},"end":{"line":54,"column":92}},"39":{"start":{"line":55,"column":0},"end":{"line":55,"column":46}},"40":{"start":{"line":57,"column":18},"end":{"line":57,"column":72}},"41":{"start":{"line":57,"column":53},"end":{"line":57,"column":67}},"42":{"start":{"line":59,"column":0},"end":{"line":59,"column":47}},"43":{"start":{"line":61,"column":24},"end":{"line":62,"column":47}},"44":{"start":{"line":61,"column":48},"end":{"line":61,"column":58}},"45":{"start":{"line":62,"column":29},"end":{"line":62,"column":43}},"46":{"start":{"line":64,"column":0},"end":{"line":64,"column":53}}},"fnMap":{"0":{"name":"(anonymous_0)","decl":{"start":{"line":8,"column":29},"end":{"line":8,"column":30}},"loc":{"start":{"line":8,"column":47},"end":{"line":10,"column":1}},"line":8},"1":{"name":"(anonymous_1)","decl":{"start":{"line":12,"column":29},"end":{"line":12,"column":30}},"loc":{"start":{"line":12,"column":39},"end":{"line":12,"column":49}},"line":12},"2":{"name":"(anonymous_2)","decl":{"start":{"line":16,"column":33},"end":{"line":16,"column":34}},"loc":{"start":{"line":16,"column":43},"end":{"line":20,"column":1}},"line":16},"3":{"name":"(anonymous_3)","decl":{"start":{"line":24,"column":33},"end":{"line":24,"column":34}},"loc":{"start":{"line":24,"column":51},"end":{"line":26,"column":1}},"line":24},"4":{"name":"(anonymous_4)","decl":{"start":{"line":29,"column":33},"end":{"line":29,"column":34}},"loc":{"start":{"line":29,"column":44},"end":{"line":29,"column":60}},"line":29},"5":{"name":"(anonymous_5)","decl":{"start":{"line":32,"column":13},"end":{"line":32,"column":14}},"loc":{"start":{"line":32,"column":31},"end":{"line":34,"column":1}},"line":32},"6":{"name":"(anonymous_6)","decl":{"start":{"line":39,"column":36},"end":{"line":39,"column":37}},"loc":{"start":{"line":39,"column":46},"end":{"line":39,"column":63}},"line":39},"7":{"name":"(anonymous_7)","decl":{"start":{"line":43,"column":35},"end":{"line":43,"column":36}},"loc":{"start":{"line":43,"column":45},"end":{"line":43,"column":62}},"line":43},"8":{"name":"(anonymous_8)","decl":{"start":{"line":47,"column":33},"end":{"line":47,"column":34}},"loc":{"start":{"line":47,"column":58},"end":{"line":51,"column":1}},"line":47},"9":{"name":"(anonymous_9)","decl":{"start":{"line":54,"column":35},"end":{"line":54,"column":36}},"loc":{"start":{"line":54,"column":60},"end":{"line":54,"column":92}},"line":54},"10":{"name":"(anonymous_10)","decl":{"start":{"line":57,"column":33},"end":{"line":57,"column":34}},"loc":{"start":{"line":57,"column":53},"end":{"line":57,"column":67}},"line":57},"11":{"name":"(anonymous_11)","decl":{"start":{"line":61,"column":36},"end":{"line":61,"column":37}},"loc":{"start":{"line":61,"column":48},"end":{"line":61,"column":58}},"line":61},"12":{"name":"(anonymous_12)","decl":{"start":{"line":62,"column":10},"end":{"line":62,"column":11}},"loc":{"start":{"line":62,"column":29},"end":{"line":62,"column":43}},"line":62}},"branchMap":{},"s":{"0":0,"1":0,"2":0,"3":0,"4":0,"5":0,"6":0,"7":0,"8":0,"9":0,"10":0,"11":0,"12":0,"13":0,"14":0,"15":0,"16":0,"17":0,"18":0,"19":0,"20":0,"21":0,"22":0,"23":0,"24":0,"25":0,"26":0,"27":0,"28":0,"29":0,"30":0,"31":0,"32":0,"33":0,"34":0,"35":0,"36":0,"37":0,"38":0,"39":0,"40":0,"41":0,"42":0,"43":0,"44":0,"45":0,"46":0},"f":{"0":0,"1":0,"2":0,"3":0,"4":0,"5":0,"6":0,"7":0,"8":0,"9":0,"10":0,"11":0,"12":0},"b":{}}
,"/Users/J/App-Dev/js-example/functions.js": {"path":"/Users/J/App-Dev/js-example/functions.js","statementMap":{"0":{"start":{"line":1,"column":0},"end":{"line":3,"column":2}},"1":{"start":{"line":5,"column":0},"end":{"line":5,"column":10}},"2":{"start":{"line":6,"column":0},"end":{"line":6,"column":39}},"3":{"start":{"line":14,"column":2},"end":{"line":14,"column":21}},"4":{"start":{"line":17,"column":13},"end":{"line":19,"column":1}},"5":{"start":{"line":18,"column":2},"end":{"line":18,"column":21}},"6":{"start":{"line":22,"column":13},"end":{"line":23,"column":22}},"7":{"start":{"line":23,"column":2},"end":{"line":23,"column":21}},"8":{"start":{"line":26,"column":0},"end":{"line":28,"column":8}},"9":{"start":{"line":27,"column":2},"end":{"line":27,"column":21}},"10":{"start":{"line":32,"column":12},"end":{"line":34,"column":7}},"11":{"start":{"line":33,"column":2},"end":{"line":33,"column":21}},"12":{"start":{"line":38,"column":13},"end":{"line":46,"column":1}},"13":{"start":{"line":41,"column":4},"end":{"line":41,"column":23}},"14":{"start":{"line":44,"column":4},"end":{"line":44,"column":23}},"15":{"start":{"line":47,"column":0},"end":{"line":49,"column":3}},"16":{"start":{"line":48,"column":4},"end":{"line":48,"column":23}},"17":{"start":{"line":50,"column":13},"end":{"line":50,"column":29}},"18":{"start":{"line":54,"column":15},"end":{"line":54,"column":30}},"19":{"start":{"line":56,"column":4},"end":{"line":56,"column":22}},"20":{"start":{"line":57,"column":4},"end":{"line":57,"column":16}},"21":{"start":{"line":59,"column":0},"end":{"line":59,"column":10}},"22":{"start":{"line":60,"column":0},"end":{"line":60,"column":11}},"23":{"start":{"line":61,"column":0},"end":{"line":61,"column":11}},"24":{"start":{"line":63,"column":0},"end":{"line":63,"column":14}},"25":{"start":{"line":64,"column":0},"end":{"line":64,"column":18}},"26":{"start":{"line":65,"column":0},"end":{"line":65,"column":23}},"27":{"start":{"line":66,"column":0},"end":{"line":66,"column":15}}},"fnMap":{"0":{"name":"sumFn","decl":{"start":{"line":13,"column":9},"end":{"line":13,"column":14}},"loc":{"start":{"line":13,"column":26},"end":{"line":14,"column":22}},"line":13},"1":{"name":"add","decl":{"start":{"line":17,"column":22},"end":{"line":17,"column":25}},"loc":{"start":{"line":17,"column":37},"end":{"line":19,"column":1}},"line":17},"2":{"name":"(anonymous_2)","decl":{"start":{"line":22,"column":13},"end":{"line":22,"column":14}},"loc":{"start":{"line":22,"column":34},"end":{"line":23,"column":22}},"line":22},"3":{"name":"(anonymous_3)","decl":{"start":{"line":26,"column":1},"end":{"line":26,"column":2}},"loc":{"start":{"line":26,"column":22},"end":{"line":28,"column":1}},"line":26},"4":{"name":"(anonymous_4)","decl":{"start":{"line":32,"column":12},"end":{"line":32,"column":13}},"loc":{"start":{"line":32,"column":33},"end":{"line":34,"column":1}},"line":32},"5":{"name":"add","decl":{"start":{"line":40,"column":16},"end":{"line":40,"column":19}},"loc":{"start":{"line":40,"column":32},"end":{"line":42,"column":3}},"line":40},"6":{"name":"prod","decl":{"start":{"line":43,"column":20},"end":{"line":43,"column":24}},"loc":{"start":{"line":43,"column":37},"end":{"line":45,"column":3}},"line":43},"7":{"name":"prod","decl":{"start":{"line":47,"column":21},"end":{"line":47,"column":25}},"loc":{"start":{"line":47,"column":38},"end":{"line":49,"column":3}},"line":47},"8":{"name":"manipultae","decl":{"start":{"line":52,"column":11},"end":{"line":52,"column":21}},"loc":{"start":{"line":53,"column":2},"end":{"line":58,"column":3}},"line":53}},"branchMap":{},"s":{"0":0,"1":0,"2":0,"3":0,"4":0,"5":0,"6":0,"7":0,"8":0,"9":0,"10":0,"11":0,"12":0,"13":0,"14":0,"15":0,"16":0,"17":0,"18":0,"19":0,"20":0,"21":0,"22":0,"23":0,"24":0,"25":0,"26":0,"27":0},"f":{"0":0,"1":0,"2":0,"3":0,"4":0,"5":0,"6":0,"7":0,"8":0},"b":{}}
,"/Users/J/App-Dev/js-example/functionsAdvance.js": {"path":"/Users/J/App-Dev/js-example/functionsAdvance.js","statementMap":{"0":{"start":{"line":1,"column":0},"end":{"line":3,"column":2}},"1":{"start":{"line":6,"column":15},"end":{"line":11,"column":1}},"2":{"start":{"line":7,"column":10},"end":{"line":7,"column":13}},"3":{"start":{"line":8,"column":2},"end":{"line":8,"column":17}},"4":{"start":{"line":10,"column":2},"end":{"line":10,"column":11}},"5":{"start":{"line":12,"column":0},"end":{"line":12,"column":26}},"6":{"start":{"line":17,"column":16},"end":{"line":17,"column":17}},"7":{"start":{"line":18,"column":4},"end":{"line":18,"column":38}},"8":{"start":{"line":19,"column":25},"end":{"line":22,"column":5}},"9":{"start":{"line":20,"column":7},"end":{"line":20,"column":53}},"10":{"start":{"line":21,"column":8},"end":{"line":21,"column":23}},"11":{"start":{"line":23,"column":6},"end":{"line":23,"column":28}},"12":{"start":{"line":25,"column":10},"end":{"line":25,"column":12}},"13":{"start":{"line":26,"column":2},"end":{"line":26,"column":24}},"14":{"start":{"line":27,"column":2},"end":{"line":27,"column":14}},"15":{"start":{"line":28,"column":2},"end":{"line":28,"column":14}},"16":{"start":{"line":29,"column":2},"end":{"line":29,"column":14}},"17":{"start":{"line":32,"column":15},"end":{"line":33,"column":22}},"18":{"start":{"line":33,"column":2},"end":{"line":33,"column":21}},"19":{"start":{"line":35,"column":11},"end":{"line":38,"column":1}},"20":{"start":{"line":36,"column":2},"end":{"line":36,"column":20}},"21":{"start":{"line":37,"column":2},"end":{"line":37,"column":20}},"22":{"start":{"line":42,"column":12},"end":{"line":42,"column":41}},"23":{"start":{"line":42,"column":29},"end":{"line":42,"column":40}},"24":{"start":{"line":44,"column":0},"end":{"line":44,"column":9}},"25":{"start":{"line":45,"column":0},"end":{"line":45,"column":10}}},"fnMap":{"0":{"name":"(anonymous_0)","decl":{"start":{"line":6,"column":15},"end":{"line":6,"column":16}},"loc":{"start":{"line":6,"column":26},"end":{"line":11,"column":1}},"line":6},"1":{"name":"counter","decl":{"start":{"line":16,"column":9},"end":{"line":16,"column":16}},"loc":{"start":{"line":16,"column":19},"end":{"line":24,"column":1}},"line":16},"2":{"name":"(anonymous_2)","decl":{"start":{"line":19,"column":25},"end":{"line":19,"column":26}},"loc":{"start":{"line":19,"column":36},"end":{"line":22,"column":5}},"line":19},"3":{"name":"(anonymous_3)","decl":{"start":{"line":32,"column":15},"end":{"line":32,"column":16}},"loc":{"start":{"line":32,"column":36},"end":{"line":33,"column":22}},"line":32},"4":{"name":"(anonymous_4)","decl":{"start":{"line":35,"column":11},"end":{"line":35,"column":12}},"loc":{"start":{"line":35,"column":27},"end":{"line":38,"column":1}},"line":35},"5":{"name":"(anonymous_5)","decl":{"start":{"line":42,"column":12},"end":{"line":42,"column":13}},"loc":{"start":{"line":42,"column":29},"end":{"line":42,"column":40}},"line":42}},"branchMap":{},"s":{"0":0,"1":0,"2":0,"3":0,"4":0,"5":0,"6":0,"7":0,"8":0,"9":0,"10":0,"11":0,"12":0,"13":0,"14":0,"15":0,"16":0,"17":0,"18":0,"19":0,"20":0,"21":0,"22":0,"23":0,"24":0,"25":0},"f":{"0":0,"1":0,"2":0,"3":0,"4":0,"5":0},"b":{}}
,"/Users/J/App-Dev/js-example/index.js": {"path":"/Users/J/App-Dev/js-example/index.js","statementMap":{"0":{"start":{"line":1,"column":16},"end":{"line":1,"column":34}},"1":{"start":{"line":2,"column":13},"end":{"line":2,"column":30}},"2":{"start":{"line":4,"column":12},"end":{"line":4,"column":21}},"3":{"start":{"line":5,"column":13},"end":{"line":5,"column":17}},"4":{"start":{"line":7,"column":0},"end":{"line":7,"column":67}},"5":{"start":{"line":7,"column":30},"end":{"line":7,"column":66}},"6":{"start":{"line":9,"column":0},"end":{"line":9,"column":77}},"7":{"start":{"line":9,"column":23},"end":{"line":9,"column":76}}},"fnMap":{"0":{"name":"(anonymous_0)","decl":{"start":{"line":7,"column":16},"end":{"line":7,"column":17}},"loc":{"start":{"line":7,"column":30},"end":{"line":7,"column":66}},"line":7},"1":{"name":"(anonymous_1)","decl":{"start":{"line":9,"column":17},"end":{"line":9,"column":18}},"loc":{"start":{"line":9,"column":23},"end":{"line":9,"column":76}},"line":9}},"branchMap":{},"s":{"0":0,"1":0,"2":0,"3":0,"4":0,"5":0,"6":0,"7":0},"f":{"0":0,"1":0},"b":{}}
,"/Users/J/App-Dev/js-example/util.js": {"path":"/Users/J/App-Dev/js-example/util.js","statementMap":{"0":{"start":{"line":1,"column":11},"end":{"line":1,"column":13}},"1":{"start":{"line":4,"column":2},"end":{"line":4,"column":14}},"2":{"start":{"line":6,"column":0},"end":{"line":6,"column":14}},"3":{"start":{"line":7,"column":0},"end":{"line":7,"column":21}}},"fnMap":{"0":{"name":"sum","decl":{"start":{"line":3,"column":9},"end":{"line":3,"column":12}},"loc":{"start":{"line":3,"column":20},"end":{"line":5,"column":1}},"line":3}},"branchMap":{},"s":{"0":1,"1":2,"2":1,"3":1},"f":{"0":2},"b":{},"_coverageSchema":"1a1c01bbd47fc00a2c39e90264f33305004495a9","hash":"8d4ae6a5fead7db1611501583daf8ba853e2623b"}
}
