TN:
SF:array.js
FN:8,(anonymous_0)
FN:12,(anonymous_1)
FN:16,(anonymous_2)
FN:24,(anonymous_3)
FN:29,(anonymous_4)
FN:32,(anonymous_5)
FN:39,(anonymous_6)
FN:43,(anonymous_7)
FN:47,(anonymous_8)
FN:54,(anonymous_9)
FN:57,(anonymous_10)
FN:61,(anonymous_11)
FN:62,(anonymous_12)
FNF:13
FNH:0
FNDA:0,(anonymous_0)
FNDA:0,(anonymous_1)
FNDA:0,(anonymous_2)
FNDA:0,(anonymous_3)
FNDA:0,(anonymous_4)
FNDA:0,(anonymous_5)
FNDA:0,(anonymous_6)
FNDA:0,(anonymous_7)
FNDA:0,(anonymous_8)
FNDA:0,(anonymous_9)
FNDA:0,(anonymous_10)
FNDA:0,(anonymous_11)
FNDA:0,(anonymous_12)
DA:2,0
DA:3,0
DA:5,0
DA:6,0
DA:8,0
DA:9,0
DA:12,0
DA:13,0
DA:14,0
DA:16,0
DA:17,0
DA:18,0
DA:19,0
DA:21,0
DA:22,0
DA:24,0
DA:25,0
DA:29,0
DA:32,0
DA:33,0
DA:36,0
DA:37,0
DA:39,0
DA:40,0
DA:41,0
DA:43,0
DA:44,0
DA:45,0
DA:47,0
DA:48,0
DA:49,0
DA:50,0
DA:52,0
DA:54,0
DA:55,0
DA:57,0
DA:59,0
DA:61,0
DA:62,0
DA:64,0
LF:40
LH:0
BRF:0
BRH:0
end_of_record
TN:
SF:functions.js
FN:13,sumFn
FN:17,add
FN:22,(anonymous_2)
FN:26,(anonymous_3)
FN:32,(anonymous_4)
FN:40,add
FN:43,prod
FN:47,prod
FN:52,manipultae
FNF:9
FNH:0
FNDA:0,sumFn
FNDA:0,add
FNDA:0,(anonymous_2)
FNDA:0,(anonymous_3)
FNDA:0,(anonymous_4)
FNDA:0,add
FNDA:0,prod
FNDA:0,prod
FNDA:0,manipultae
DA:1,0
DA:5,0
DA:6,0
DA:14,0
DA:17,0
DA:18,0
DA:22,0
DA:23,0
DA:26,0
DA:27,0
DA:32,0
DA:33,0
DA:38,0
DA:41,0
DA:44,0
DA:47,0
DA:48,0
DA:50,0
DA:54,0
DA:56,0
DA:57,0
DA:59,0
DA:60,0
DA:61,0
DA:63,0
DA:64,0
DA:65,0
DA:66,0
LF:28
LH:0
BRF:0
BRH:0
end_of_record
TN:
SF:functionsAdvance.js
FN:6,(anonymous_0)
FN:16,counter
FN:19,(anonymous_2)
FN:32,(anonymous_3)
FN:35,(anonymous_4)
FN:42,(anonymous_5)
FNF:6
FNH:0
FNDA:0,(anonymous_0)
FNDA:0,counter
FNDA:0,(anonymous_2)
FNDA:0,(anonymous_3)
FNDA:0,(anonymous_4)
FNDA:0,(anonymous_5)
DA:1,0
DA:6,0
DA:7,0
DA:8,0
DA:10,0
DA:12,0
DA:17,0
DA:18,0
DA:19,0
DA:20,0
DA:21,0
DA:23,0
DA:25,0
DA:26,0
DA:27,0
DA:28,0
DA:29,0
DA:32,0
DA:33,0
DA:35,0
DA:36,0
DA:37,0
DA:42,0
DA:44,0
DA:45,0
LF:25
LH:0
BRF:0
BRH:0
end_of_record
TN:
SF:index.js
FN:7,(anonymous_0)
FN:9,(anonymous_1)
FNF:2
FNH:0
FNDA:0,(anonymous_0)
FNDA:0,(anonymous_1)
DA:1,0
DA:2,0
DA:4,0
DA:5,0
DA:7,0
DA:9,0
LF:6
LH:0
BRF:0
BRH:0
end_of_record
TN:
SF:util.js
FN:3,sum
FNF:1
FNH:1
FNDA:2,sum
DA:1,1
DA:4,2
DA:6,1
DA:7,1
LF:4
LH:4
BRF:0
BRH:0
end_of_record
